Build started 13/09/2018 16:47:06.
     1>Project "D:\Users\Matthias\Documents\Visual Studio 2017\Projects\cpp-smallpt\cpp-smallpt\cpp-smallpt.vcxproj" on node 2 (Build target(s)).
     1>InitializeBuildStatus:
         Creating "cpp-smallpt\tmp\x64\Release\cpp-smallpt.tlog\unsuccessfulbuild" because "AlwaysCreate" was specified.
       ClCompile:
         C:\Program Files (x86)\Microsoft Visual Studio\2017\Community\VC\Tools\MSVC\14.15.26726\bin\HostX86\x64\CL.exe /c /Zi /nologo /W4 /WX- /diagnostics:classic /sdl /Ox /Ob2 /Oi /Ot /GL /D NDEBUG /D _CONSOLE /D _UNICODE /D UNICODE /Gm- /EHsc /MD /GS /Gy /arch:AVX2 /fp:fast /permissive- /Zc:wchar_t /Zc:forScope /Zc:inline /std:c++latest /Fo"cpp-smallpt\tmp\x64\Release\\" /Fd"cpp-smallpt\tmp\x64\Release\vc141.pdb" /Gd /TP /FC /errorReport:prompt "cpp-smallpt\src\cpp-smallpt.cpp"
         cpp-smallpt.cpp
       Link:
         C:\Program Files (x86)\Microsoft Visual Studio\2017\Community\VC\Tools\MSVC\14.15.26726\bin\HostX86\x64\link.exe /ERRORREPORT:PROMPT /OUT:"cpp-smallpt\bin\x64\Release\cpp-smallpt.exe" /INCREMENTAL:NO /NOLOGO kernel32.lib user32.lib gdi32.lib winspool.lib comdlg32.lib advapi32.lib shell32.lib ole32.lib oleaut32.lib uuid.lib odbc32.lib odbccp32.lib /MANIFEST /MANIFESTUAC:"level='asInvoker' uiAccess='false'" /manifest:embed /DEBUG /PDB:"cpp-smallpt\bin\x64\Release\cpp-smallpt.pdb" /SUBSYSTEM:CONSOLE /OPT:REF /OPT:ICF /LTCG:incremental /TLBID:1 /DYNAMICBASE /NXCOMPAT /IMPLIB:"cpp-smallpt\bin\x64\Release\cpp-smallpt.lib" /MACHINE:X64 "cpp-smallpt\tmp\x64\Release\cpp-smallpt.obj"
         Generating code
         10 of 100 functions (10.0%) were compiled, the rest were copied from previous compilation.
           0 functions were new in current compilation
           4 functions had inline decision re-evaluated but remain unchanged
         Finished generating code
         cpp-smallpt.vcxproj -> D:\Users\Matthias\Documents\Visual Studio 2017\Projects\cpp-smallpt\cpp-smallpt\cpp-smallpt\bin\x64\Release\cpp-smallpt.exe
       FinalizeBuildStatus:
         Deleting file "cpp-smallpt\tmp\x64\Release\cpp-smallpt.tlog\unsuccessfulbuild".
         Touching "cpp-smallpt\tmp\x64\Release\cpp-smallpt.tlog\cpp-smallpt.lastbuildstate".
     1>Done Building Project "D:\Users\Matthias\Documents\Visual Studio 2017\Projects\cpp-smallpt\cpp-smallpt\cpp-smallpt.vcxproj" (Build target(s)).

Build succeeded.
    0 Warning(s)
    0 Error(s)

Time Elapsed 00:00:01.38
